[debug] [2023-05-03T09:51:34.026Z] ----------------------------------------------------------------------
[debug] [2023-05-03T09:51:34.030Z] Command:       C:\Program Files\nodejs\node.exe C:\Users\theom\AppData\Roaming\npm\node_modules\firebase-tools\lib\bin\firebase.js deploy
[debug] [2023-05-03T09:51:34.031Z] CLI Version:   11.25.3
[debug] [2023-05-03T09:51:34.031Z] Platform:      win32
[debug] [2023-05-03T09:51:34.032Z] Node Version:  v16.14.0
[debug] [2023-05-03T09:51:34.040Z] Time:          Wed May 03 2023 11:51:34 GMT+0200 (heure d’été d’Europe centrale)
[debug] [2023-05-03T09:51:34.041Z] ----------------------------------------------------------------------
[debug] 
[debug] [2023-05-03T09:51:34.051Z] >>> [apiv2][query] GET https://firebase-public.firebaseio.com/cli.json [none]
[debug] [2023-05-03T09:51:34.212Z] > command requires scopes: ["email","openid","https://www.googleapis.com/auth/cloudplatformprojects.readonly","https://www.googleapis.com/auth/firebase","https://www.googleapis.com/auth/cloud-platform"]
[debug] [2023-05-03T09:51:34.213Z] > authorizing via signed-in user (minecodeserv@gmail.com)
[debug] [2023-05-03T09:51:34.213Z] [iam] checking project yachtclubdesixfours for permissions ["firebase.projects.get","firebasehosting.sites.update"]
[debug] [2023-05-03T09:51:34.216Z] > refreshing access token with scopes: []
[debug] [2023-05-03T09:51:34.218Z] >>> [apiv2][query] POST https://www.googleapis.com/oauth2/v3/token [none]
[debug] [2023-05-03T09:51:34.218Z] >>> [apiv2][body] POST https://www.googleapis.com/oauth2/v3/token [omitted]
[warn] !  Unable to fetch the CLI MOTD and remote config. 
[debug] [2023-05-03T09:51:36.360Z] Failed to fetch MOTD FirebaseError: Failed to make request to https://firebase-public.firebaseio.com/cli.json
[debug] [2023-05-03T09:51:36.384Z] [iam] error while checking permissions, command may fail: FirebaseError: Authentication Error: Your credentials are no longer valid. Please run firebase login --reauth

For CI servers and headless environments, generate a new token with firebase login:ci
[debug] [2023-05-03T09:51:36.385Z] > refreshing access token with scopes: []
[debug] [2023-05-03T09:51:36.388Z] >>> [apiv2][query] POST https://www.googleapis.com/oauth2/v3/token [none]
[debug] [2023-05-03T09:51:36.388Z] >>> [apiv2][body] POST https://www.googleapis.com/oauth2/v3/token [omitted]
[debug] [2023-05-03T09:51:38.609Z] Authentication Error: Your credentials are no longer valid. Please run firebase login --reauth

For CI servers and headless environments, generate a new token with firebase login:ci
[debug] [2023-05-03T09:51:40.814Z] FirebaseError: Authentication Error: Your credentials are no longer valid. Please run firebase login --reauth

For CI servers and headless environments, generate a new token with firebase login:ci
    at invalidCredentialError (C:\Users\theom\AppData\Roaming\npm\node_modules\firebase-tools\lib\auth.js:144:12)
    at refreshTokens (C:\Users\theom\AppData\Roaming\npm\node_modules\firebase-tools\lib\auth.js:508:15)
    at processTicksAndRejections (node:internal/process/task_queues:96:5)
    at async Client.getAccessToken (C:\Users\theom\AppData\Roaming\npm\node_modules\firebase-tools\lib\apiv2.js:149:23)
    at async Client.addAuthHeader (C:\Users\theom\AppData\Roaming\npm\node_modules\firebase-tools\lib\apiv2.js:140:21)
    at async Client.request (C:\Users\theom\AppData\Roaming\npm\node_modules\firebase-tools\lib\apiv2.js:96:34)
    at async getFirebaseProject (C:\Users\theom\AppData\Roaming\npm\node_modules\firebase-tools\lib\management\projects.js:295:21)
    at async getDefaultHostingSite (C:\Users\theom\AppData\Roaming\npm\node_modules\firebase-tools\lib\getDefaultHostingSite.js:10:21)
    at async requireHostingSite (C:\Users\theom\AppData\Roaming\npm\node_modules\firebase-tools\lib\requireHostingSite.js:9:18)
    at async Object.fn (C:\Users\theom\AppData\Roaming\npm\node_modules\firebase-tools\lib\commands\deploy.js:74:9)
    at async C:\Users\theom\AppData\Roaming\npm\node_modules\firebase-tools\lib\command.js:214:17
[error] 
[error] Error: Failed to get Firebase project yachtclubdesixfours. Please make sure the project exists and your account has permission to access it.
